<?xml version="1.0" encoding="utf-8"?><testsuites><testsuite name="pytest" errors="0" failures="0" skipped="0" tests="3" time="0.194" timestamp="2022-03-06T19:54:49.239805" hostname="Kyles-Air.home"><testcase classname="tests.contrib.aiohttp.test_aiohttp_client" name="test_200_request" time="0.115" /><testcase classname="tests.contrib.aiohttp.test_aiohttp_client" name="test_500_request" time="0.031" /><testcase classname="tests.contrib.aiohttp.test_aiohttp_client" name="test_200_request_distributed_tracing" time="0.032" /></testsuite></testsuites>